<?xml version="1.0" encoding="UTF-8"?>
<!-- Generated by org.testng.reporters.JUnitReportReporter -->
<testsuite skipped="0" hostname="MohitAgarwal" name="Package1.MavenEx.TestNGExcel" tests="4" failures="0" timestamp="08 Sep 2018 12:58:07 GMT" time="92.373" errors="0">
  <testcase name="webpage" time="14.734" classname="Package1.MavenEx.TestNGExcel"/>
  <testcase name="openexcel" time="0.539" classname="Package1.MavenEx.TestNGExcel"/>
  <testcase name="reportcols" time="0.001" classname="Package1.MavenEx.TestNGExcel"/>
  <testcase name="readexcel" time="77.099" classname="Package1.MavenEx.TestNGExcel"/>
</testsuite> <!-- Package1.MavenEx.TestNGExcel -->
